生成启动时间为 2019/5/4 12:42:21。
     1>项目“C:\Users\LHM\Desktop\cameraUV\Windows\64\Demo\Qt\Demo源码\MeasureCoreNet\UserDemo\UserDemo.vcxproj”在节点 2 上(Build 个目标)。
     1>CustomBuild:
         Uic'ing UserDemo.ui...
         Moc'ing NetWidget.h...
         Rcc'ing UserDemo.qrc...
     1>RCC : warning : No resources in 'C:\Users\LHM\Desktop\cameraUV\Windows\64\Demo\Qt\Demo婧愮爜\MeasureCoreNet\UserDemo\UserDemo.qrc'.
         
         Uic'ing NetWidget.ui...
     1>C:\Users\LHM\Desktop\cameraUV\Windows\64\Demo\Qt\Demo源码\MeasureCoreNet\UserDemo\NetWidget.ui : warning : Z-order assignment: '' is not a valid widget.
       ClCompile:
         D:\Softwares\vs2015\VC\bin\CL.exe /c /I.\GeneratedFiles /I. /IE:\Qt\Qt5.9.4\5.9.4\msvc2015\include /I.\GeneratedFiles\Debug /IE:\Qt\Qt5.9.4\5.9.4\msvc2015\include\QtCore /IE:\Qt\Qt5.9.4\5.9.4\msvc2015\include\QtGui /IE:\Qt\Qt5.9.4\5.9.4\msvc2015\include\QtWidgets /Zi /nologo /W1 /WX- /MP /Od /Oy- /D UNICODE /D WIN32 /D WIN64 /D QT_DLL /D QT_CORE_LIB /D QT_GUI_LIB /D QT_WIDGETS_LIB /Gm- /EHsc /MDd /GS /fp:precise /Zc:wchar_t /Zc:forScope /Zc:inline /Fo"C:\Users\LHM\Desktop\cameraUV\Windows\64\Demo\Qt\Demo源码\MeasureCoreNet\\InterMediaFiles\Win32\UserDemo\Debug\\" /Fd"C:\Users\LHM\Desktop\cameraUV\Windows\64\Demo\Qt\Demo源码\MeasureCoreNet\\InterMediaFiles\Win32\UserDemo\Debug\vc140.pdb" /Gd /TP /analyze- /errorReport:prompt FileLog.cpp ftBasic.cpp GeneratedFiles\Debug\moc_NetWidget.cpp Global.cpp main.cpp NetWidget.cpp TestRos.cpp
         FileLog.cpp
         ftBasic.cpp
         moc_NetWidget.cpp
         Global.cpp
     1>Global.cpp(2): fatal error C1083: 无法打开包括文件: “MeasureCoreNet.h”: No such file or directory (编译源文件 Global.cpp)
         main.cpp
         NetWidget.cpp
         TestRos.cpp
     1>TestRos.cpp(1): fatal error C1083: 无法打开包括文件: “MeasureCoreNet.h”: No such file or directory (编译源文件 TestRos.cpp)
     1>c:\users\lhm\desktop\camerauv\windows\64\demo\qt\demo源码\measurecorenet\userdemo\generatedfiles\debug\../../NetWidget.h(10): fatal error C1083: 无法打开包括文件: “MeasureCoreNet.h”: No such file or directory (编译源文件 GeneratedFiles\Debug\moc_NetWidget.cpp)
     1>c:\users\lhm\desktop\camerauv\windows\64\demo\qt\demo源码\measurecorenet\userdemo\NetWidget.h(10): fatal error C1083: 无法打开包括文件: “MeasureCoreNet.h”: No such file or directory (编译源文件 main.cpp)
     1>c:\users\lhm\desktop\camerauv\windows\64\demo\qt\demo源码\measurecorenet\userdemo\NetWidget.h(10): fatal error C1083: 无法打开包括文件: “MeasureCoreNet.h”: No such file or directory (编译源文件 NetWidget.cpp)
     1>已完成生成项目“C:\Users\LHM\Desktop\cameraUV\Windows\64\Demo\Qt\Demo源码\MeasureCoreNet\UserDemo\UserDemo.vcxproj”(Build 个目标)的操作 - 失败。

生成失败。

已用时间 00:00:05.92
